
> shell-app@1.0.0 dev /Users/michael/Desktop/900 麦国权资料/400 学习/20260302 微前端项目/100 code/erp-lite-microfrontends/packages/shell-app
> webpack serve --mode development

<i> [webpack-dev-server] Project is running at:
<i> [webpack-dev-server] Loopback: http://localhost:3000/
<i> [webpack-dev-server] On Your Network (IPv4): http://192.168.3.78:3000/
<i> [webpack-dev-server] On Your Network (IPv6): http://[fe80::1]:3000/
<i> [webpack-dev-server] Content not from webpack is served from '/Users/michael/Desktop/900 麦国权资料/400 学习/20260302 微前端项目/100 code/erp-lite-microfrontends/packages/shell-app/public' directory
<i> [webpack-dev-server] 404s will fallback to '/index.html'
assets by path js/*.js 2.49 MiB
  asset js/main.ad7cb0de.js 2.28 MiB [emitted] [immutable] (name: main) 1 related asset
  asset js/vendors-node_modules_pnpm_axios_1_13_6_node_modules_axios_lib_axios_js.8cfe51b9.js 179 KiB [emitted] [immutable] (id hint: vendors) 1 related asset
  asset js/src_pages_Login_tsx.ab79e387.js 21.3 KiB [emitted] [immutable] 1 related asset
  asset js/src_pages_NotFound_tsx.70493425.js 4.78 KiB [emitted] [immutable] 1 related asset
  asset js/src_router_lazyRoutes_tsx.071cdbca.js 3.21 KiB [emitted] [immutable] 1 related asset
assets by path css/*.css 17.7 KiB
  asset css/main.4ac7aa05.css 12.2 KiB [emitted] [immutable] (name: main) 1 related asset
  asset css/src_pages_Login_tsx.d991d074.css 3.18 KiB [emitted] [immutable] 1 related asset
  asset css/src_pages_NotFound_tsx.572416fc.css 2.41 KiB [emitted] [immutable] 1 related asset
asset index.html 364 bytes [emitted]
Entrypoint main 2.3 MiB (2.42 MiB) = css/main.4ac7aa05.css 12.2 KiB js/main.ad7cb0de.js 2.28 MiB 2 auxiliary assets
runtime modules 131 KiB 74 modules
orphan modules 39.5 KiB [orphan] 14 modules
modules by path ../../node_modules/.pnpm/ 2.02 MiB 331 modules
modules by path ./src/ 62.4 KiB (javascript) 10.7 KiB (css/mini-extract)
  javascript modules 62.4 KiB 22 modules
  css modules 10.7 KiB
    modules by path ./src/components/ 5.66 KiB 4 modules
    modules by path ./src/pages/ 3.52 KiB
      css ../../node_modules/.pnpm/css-loader@6.11.0_webpack@5.105.3/node_modules/css-loader/dist/cjs.js??ruleSet[1].rules[1].use[1]!../../node_modules/.pnpm/postcss-loader@7.3.4_postcss@8.5.6_typescript@5.9.3_webpack@5.105.3/node_modules/postcss-loader/dist/cjs.js??ruleSet[1].rules[1].use[2]!./src/pages/Login.module.css 2.15 KiB [built] [code generated]
      css ../../node_modules/.pnpm/css-loader@6.11.0_webpack@5.105.3/node_modules/css-loader/dist/cjs.js??ruleSet[1].rules[1].use[1]!../../node_modules/.pnpm/postcss-loader@7.3.4_postcss@8.5.6_typescript@5.9.3_webpack@5.105.3/node_modules/postcss-loader/dist/cjs.js??ruleSet[1].rules[1].use[2]!./src/pages/NotFound.module.css 1.37 KiB [built] [code generated]
    css ../../node_modules/.pnpm/css-loader@6.11.0_webpack@5.105.3/node_modules/css-loader/dist/cjs.js??ruleSet[1].rules[1].use[1]!../../node_modules/.pnpm/postcss-loader@7.3.4_postcss@8.5.6_typescript@5.9.3_webpack@5.105.3/node_modules/postcss-loader/dist/cjs.js??ruleSet[1].rules[1].use[2]!./src/styles/global.css 1.54 KiB [built] [code generated]
webpack 5.105.3 compiled successfully in 1803 ms
